mode: set
EpicRoadTrip/services/accomodation_service.go:24.13,27.16 3 1
EpicRoadTrip/services/accomodation_service.go:27.16,29.3 1 0
EpicRoadTrip/services/accomodation_service.go:32.44,35.2 2 1
EpicRoadTrip/services/accomodation_service.go:37.72,45.16 4 0
EpicRoadTrip/services/accomodation_service.go:45.16,47.3 1 0
EpicRoadTrip/services/accomodation_service.go:49.2,51.38 2 0
EpicRoadTrip/services/accomodation_service.go:51.38,55.17 3 0
EpicRoadTrip/services/accomodation_service.go:55.17,57.4 1 0
EpicRoadTrip/services/accomodation_service.go:57.9,59.4 1 0
EpicRoadTrip/services/accomodation_service.go:61.3,61.36 1 0
EpicRoadTrip/services/accomodation_service.go:64.2,64.28 1 0
EpicRoadTrip/services/accomodation_service.go:67.75,73.16 3 0
EpicRoadTrip/services/accomodation_service.go:73.16,75.3 1 0
EpicRoadTrip/services/accomodation_service.go:77.2,77.74 1 0
EpicRoadTrip/services/accomodation_service.go:77.74,81.3 1 0
EpicRoadTrip/services/accomodation_service.go:83.2,85.8 1 0
EpicRoadTrip/services/accomodation_service.go:88.48,89.20 1 1
EpicRoadTrip/services/accomodation_service.go:90.10,91.25 1 1
EpicRoadTrip/services/accomodation_service.go:92.9,93.16 1 1
EpicRoadTrip/services/accomodation_service.go:94.9,95.23 1 1
EpicRoadTrip/services/accomodation_service.go:96.9,97.20 1 1
EpicRoadTrip/services/accomodation_service.go:98.9,99.21 1 1
EpicRoadTrip/services/accomodation_service.go:100.9,101.26 1 1
EpicRoadTrip/services/accomodation_service.go:102.10,103.19 1 1
EpicRoadTrip/services/accomodation_service.go:107.96,110.21 2 0
EpicRoadTrip/services/accomodation_service.go:110.21,112.3 1 0
EpicRoadTrip/services/accomodation_service.go:114.2,123.28 2 0
EpicRoadTrip/services/accomodation_service.go:123.28,125.3 1 0
EpicRoadTrip/services/accomodation_service.go:127.2,127.22 1 0
EpicRoadTrip/services/accomodation_service.go:130.48,136.2 3 1
EpicRoadTrip/main.go:12.32,14.38 2 0
EpicRoadTrip/main.go:14.38,16.3 1 0
EpicRoadTrip/main.go:18.2,20.10 2 0
EpicRoadTrip/main.go:23.13,25.16 2 0
EpicRoadTrip/main.go:25.16,27.3 1 0
EpicRoadTrip/main.go:29.2,32.16 3 0
EpicRoadTrip/main.go:32.16,34.3 1 0
EpicRoadTrip/controllers/accomodation_controller.go:10.45,14.16 3 1
EpicRoadTrip/controllers/accomodation_controller.go:14.16,17.3 2 0
EpicRoadTrip/controllers/accomodation_controller.go:19.2,19.46 1 1
